<html>
<head>
<title>TestNG:  Default test</title>
<link href="../testng.css" rel="stylesheet" type="text/css" />
<link href="../my-testng.css" rel="stylesheet" type="text/css" />

<style type="text/css">
.log { display: none;} 
.stack-trace { display: none;} 
</style>
<script type="text/javascript">
<!--
function flip(e) {
  current = e.style.display;
  if (current == 'block') {
    e.style.display = 'none';
    return 0;
  }
  else {
    e.style.display = 'block';
    return 1;
  }
}

function toggleBox(szDivId, elem, msg1, msg2)
{
  var res = -1;  if (document.getElementById) {
    res = flip(document.getElementById(szDivId));
  }
  else if (document.all) {
    // this is the way old msie versions work
    res = flip(document.all[szDivId]);
  }
  if(elem) {
    if(res == 0) elem.innerHTML = msg1; else elem.innerHTML = msg2;
  }

}

function toggleAllBoxes() {
  if (document.getElementsByTagName) {
    d = document.getElementsByTagName('div');
    for (i = 0; i < d.length; i++) {
      if (d[i].className == 'log') {
        flip(d[i]);
      }
    }
  }
}

// -->
</script>

</head>
<body>
<h2 align='center'>Default test</h2><table border='1' align="center">
<tr>
<td>Tests passed/Failed/Skipped:</td><td>67/14/0</td>
</tr><tr>
<td>Started on:</td><td>Wed Jul 26 16:46:00 CDT 2023</td>
</tr>
<tr><td>Total time:</td><td>58 seconds (58656 ms)</td>
</tr><tr>
<td>Included groups:</td><td></td>
</tr><tr>
<td>Excluded groups:</td><td></td>
</tr>
</table><p/>
<small><i>(Hover the method name to see the test class name)</i></small><p/>
<table width='100%' border='1' class='invocation-failed'>
<tr><td colspan='4' align='center'><b>FAILED TESTS</b></td></tr>
<tr><td><b>Test method</b></td>
<td width="30%"><b>Exception</b></td>
<td width="10%"><b>Time (seconds)</b></td>
<td><b>Instance</b></td>
</tr>
<tr>
<td title='testrunner.Runner.runScenario()'><b>runScenario</b><br>Test class: testrunner.Runner<br>Test method: Runs Cucumber Scenarios<br>Parameters: "Check if user able to update a program using valid program name - missing mandatory fields in request body", "program module"</td>
<td><div><pre>java.lang.AssertionError: expected [500] but found [400]
	at org.testng.Assert.fail(Assert.java:99)
	at org.testng.Assert.failNotEquals(Assert.java:1037)
	at org.testng.Assert.assertEqualsImpl(Assert.java:140)
	at org.testng.Assert.assertEquals(Assert.java:122)
	at org.testng.Assert.assertEquals(Assert.java:907)
	at org.testng.Assert.assertEquals(Assert.java:917)
	at stepdefinition.ProgramStepDef.user_receives_bad_request_status_with_message_and_boolean_success_details_for_program(ProgramStepDef.java:215)
	at ✽.User receives 400 Bad Request Status with message and boolean success details for program(file:///C:/Users/Shoban/eclipse-workspace/RestAssuredAPITesting/src/test/resources/Features/1_Program.feature:86)
</pre></div><a href='#' onClick='toggleBox("stack-trace902387817", this, "Click to show all stack frames", "Click to hide stack frames")'>Click to show all stack frames</a>
<div class='stack-trace' id='stack-trace902387817'><pre>java.lang.AssertionError: expected [500] but found [400]
	at org.testng.Assert.fail(Assert.java:99)
	at org.testng.Assert.failNotEquals(Assert.java:1037)
	at org.testng.Assert.assertEqualsImpl(Assert.java:140)
	at org.testng.Assert.assertEquals(Assert.java:122)
	at org.testng.Assert.assertEquals(Assert.java:907)
	at org.testng.Assert.assertEquals(Assert.java:917)
	at stepdefinition.ProgramStepDef.user_receives_bad_request_status_with_message_and_boolean_success_details_for_program(ProgramStepDef.java:215)
	at ✽.User receives 400 Bad Request Status with message and boolean success details for program(file:///C:/Users/Shoban/eclipse-workspace/RestAssuredAPITesting/src/test/resources/Features/1_Program.feature:86)
</pre></div></td>
<td>0</td>
<td>testrunner.Runner@446a1e84</td></tr>
<tr>
<td title='testrunner.Runner.runScenario()'><b>runScenario</b><br>Test class: testrunner.Runner<br>Test method: Runs Cucumber Scenarios<br>Parameters: "Check if user able to delete a program with valid LMS API,invalid programName", "program module"</td>
<td><div><pre>java.lang.AssertionError: expected [400] but found [404]
	at org.testng.Assert.fail(Assert.java:99)
	at org.testng.Assert.failNotEquals(Assert.java:1037)
	at org.testng.Assert.assertEqualsImpl(Assert.java:140)
	at org.testng.Assert.assertEquals(Assert.java:122)
	at org.testng.Assert.assertEquals(Assert.java:907)
	at org.testng.Assert.assertEquals(Assert.java:917)
	at stepdefinition.ProgramStepDef.user_receives_not_found_status_with_message_and_boolean_success_details_for_program(ProgramStepDef.java:175)
	at ✽.User receives 404 Not Found Status with message and boolean success details for program(file:///C:/Users/Shoban/eclipse-workspace/RestAssuredAPITesting/src/test/resources/Features/1_Program.feature:56)
</pre></div><a href='#' onClick='toggleBox("stack-trace567367986", this, "Click to show all stack frames", "Click to hide stack frames")'>Click to show all stack frames</a>
<div class='stack-trace' id='stack-trace567367986'><pre>java.lang.AssertionError: expected [400] but found [404]
	at org.testng.Assert.fail(Assert.java:99)
	at org.testng.Assert.failNotEquals(Assert.java:1037)
	at org.testng.Assert.assertEqualsImpl(Assert.java:140)
	at org.testng.Assert.assertEquals(Assert.java:122)
	at org.testng.Assert.assertEquals(Assert.java:907)
	at org.testng.Assert.assertEquals(Assert.java:917)
	at stepdefinition.ProgramStepDef.user_receives_not_found_status_with_message_and_boolean_success_details_for_program(ProgramStepDef.java:175)
	at ✽.User receives 404 Not Found Status with message and boolean success details for program(file:///C:/Users/Shoban/eclipse-workspace/RestAssuredAPITesting/src/test/resources/Features/1_Program.feature:56)
</pre></div></td>
<td>0</td>
<td>testrunner.Runner@446a1e84</td></tr>
<tr>
<td title='testrunner.Runner.runScenario()'><b>runScenario</b><br>Test class: testrunner.Runner<br>Test method: Runs Cucumber Scenarios<br>Parameters: "Check if user able to delete a submission with valid submission Id", "Delete"</td>
<td><div><pre>java.lang.AssertionError: expected [200] but found [404]
	at org.testng.Assert.fail(Assert.java:99)
	at org.testng.Assert.failNotEquals(Assert.java:1037)
	at org.testng.Assert.assertEqualsImpl(Assert.java:140)
	at org.testng.Assert.assertEquals(Assert.java:122)
	at org.testng.Assert.assertEquals(Assert.java:907)
	at org.testng.Assert.assertEquals(Assert.java:917)
	at stepdefinition.DeleteStepDef.user_receives_ok_status_with_response_body_for_delete_submission(DeleteStepDef.java:37)
	at ✽.User receives 200 OK Status with response body for delete submission.(file:///C:/Users/Shoban/eclipse-workspace/RestAssuredAPITesting/src/test/resources/Features/6_Deletion.feature:7)
</pre></div><a href='#' onClick='toggleBox("stack-trace1337181808", this, "Click to show all stack frames", "Click to hide stack frames")'>Click to show all stack frames</a>
<div class='stack-trace' id='stack-trace1337181808'><pre>java.lang.AssertionError: expected [200] but found [404]
	at org.testng.Assert.fail(Assert.java:99)
	at org.testng.Assert.failNotEquals(Assert.java:1037)
	at org.testng.Assert.assertEqualsImpl(Assert.java:140)
	at org.testng.Assert.assertEquals(Assert.java:122)
	at org.testng.Assert.assertEquals(Assert.java:907)
	at org.testng.Assert.assertEquals(Assert.java:917)
	at stepdefinition.DeleteStepDef.user_receives_ok_status_with_response_body_for_delete_submission(DeleteStepDef.java:37)
	at ✽.User receives 200 OK Status with response body for delete submission.(file:///C:/Users/Shoban/eclipse-workspace/RestAssuredAPITesting/src/test/resources/Features/6_Deletion.feature:7)
</pre></div></td>
<td>0</td>
<td>testrunner.Runner@446a1e84</td></tr>
<tr>
<td title='testrunner.Runner.runScenario()'><b>runScenario</b><br>Test class: testrunner.Runner<br>Test method: Runs Cucumber Scenarios<br>Parameters: "Check if user able to create a program missing mandatory fields in request body", "program module"</td>
<td><div><pre>java.lang.AssertionError: expected [500] but found [400]
	at org.testng.Assert.fail(Assert.java:99)
	at org.testng.Assert.failNotEquals(Assert.java:1037)
	at org.testng.Assert.assertEqualsImpl(Assert.java:140)
	at org.testng.Assert.assertEquals(Assert.java:122)
	at org.testng.Assert.assertEquals(Assert.java:907)
	at org.testng.Assert.assertEquals(Assert.java:917)
	at stepdefinition.ProgramStepDef.user_receives_bad_request_status_with_message_and_boolean_success_details_for_program(ProgramStepDef.java:215)
	at ✽.User receives 400 Bad Request Status with message and boolean success details for program(file:///C:/Users/Shoban/eclipse-workspace/RestAssuredAPITesting/src/test/resources/Features/1_Program.feature:66)
</pre></div><a href='#' onClick='toggleBox("stack-trace473637407", this, "Click to show all stack frames", "Click to hide stack frames")'>Click to show all stack frames</a>
<div class='stack-trace' id='stack-trace473637407'><pre>java.lang.AssertionError: expected [500] but found [400]
	at org.testng.Assert.fail(Assert.java:99)
	at org.testng.Assert.failNotEquals(Assert.java:1037)
	at org.testng.Assert.assertEqualsImpl(Assert.java:140)
	at org.testng.Assert.assertEquals(Assert.java:122)
	at org.testng.Assert.assertEquals(Assert.java:907)
	at org.testng.Assert.assertEquals(Assert.java:917)
	at stepdefinition.ProgramStepDef.user_receives_bad_request_status_with_message_and_boolean_success_details_for_program(ProgramStepDef.java:215)
	at ✽.User receives 400 Bad Request Status with message and boolean success details for program(file:///C:/Users/Shoban/eclipse-workspace/RestAssuredAPITesting/src/test/resources/Features/1_Program.feature:66)
</pre></div></td>
<td>0</td>
<td>testrunner.Runner@446a1e84</td></tr>
<tr>
<td title='testrunner.Runner.runScenario()'><b>runScenario</b><br>Test class: testrunner.Runner<br>Test method: Runs Cucumber Scenarios<br>Parameters: "Check if user able to  grade assignment with valid submission  Id and mandatory request body", "Submit Module"</td>
<td><div><pre>java.lang.AssertionError: expected [200] but found [400]
	at org.testng.Assert.fail(Assert.java:99)
	at org.testng.Assert.failNotEquals(Assert.java:1037)
	at org.testng.Assert.assertEqualsImpl(Assert.java:140)
	at org.testng.Assert.assertEquals(Assert.java:122)
	at org.testng.Assert.assertEquals(Assert.java:907)
	at org.testng.Assert.assertEquals(Assert.java:917)
	at stepdefinition.SubmitStepDef.user_receives_ok_status_with_response_body_for_submission(SubmitStepDef.java:124)
	at ✽.User receives 200 OK Status with response body for submission.(file:///C:/Users/Shoban/eclipse-workspace/RestAssuredAPITesting/src/test/resources/Features/5_Submit.feature:100)
</pre></div><a href='#' onClick='toggleBox("stack-trace1238746961", this, "Click to show all stack frames", "Click to hide stack frames")'>Click to show all stack frames</a>
<div class='stack-trace' id='stack-trace1238746961'><pre>java.lang.AssertionError: expected [200] but found [400]
	at org.testng.Assert.fail(Assert.java:99)
	at org.testng.Assert.failNotEquals(Assert.java:1037)
	at org.testng.Assert.assertEqualsImpl(Assert.java:140)
	at org.testng.Assert.assertEquals(Assert.java:122)
	at org.testng.Assert.assertEquals(Assert.java:907)
	at org.testng.Assert.assertEquals(Assert.java:917)
	at stepdefinition.SubmitStepDef.user_receives_ok_status_with_response_body_for_submission(SubmitStepDef.java:124)
	at ✽.User receives 200 OK Status with response body for submission.(file:///C:/Users/Shoban/eclipse-workspace/RestAssuredAPITesting/src/test/resources/Features/5_Submit.feature:100)
</pre></div></td>
<td>0</td>
<td>testrunner.Runner@446a1e84</td></tr>
<tr>
<td title='testrunner.Runner.runScenario()'><b>runScenario</b><br>Test class: testrunner.Runner<br>Test method: Runs Cucumber Scenarios<br>Parameters: "Check if user able to retrieve a user with valid LMS API", "User Module"</td>
<td><div><pre>java.lang.AssertionError: expected [200] but found [404]
	at org.testng.Assert.fail(Assert.java:99)
	at org.testng.Assert.failNotEquals(Assert.java:1037)
	at org.testng.Assert.assertEqualsImpl(Assert.java:140)
	at org.testng.Assert.assertEquals(Assert.java:122)
	at org.testng.Assert.assertEquals(Assert.java:907)
	at org.testng.Assert.assertEquals(Assert.java:917)
	at stepdefinition.UserStepDef.user_receives_ok_status_with_user_details_response_body(UserStepDef.java:46)
	at ✽.User receives 200 OK Status with user details response body.(file:///C:/Users/Shoban/eclipse-workspace/RestAssuredAPITesting/src/test/resources/Features/3_User.feature:35)
</pre></div><a href='#' onClick='toggleBox("stack-trace492836007", this, "Click to show all stack frames", "Click to hide stack frames")'>Click to show all stack frames</a>
<div class='stack-trace' id='stack-trace492836007'><pre>java.lang.AssertionError: expected [200] but found [404]
	at org.testng.Assert.fail(Assert.java:99)
	at org.testng.Assert.failNotEquals(Assert.java:1037)
	at org.testng.Assert.assertEqualsImpl(Assert.java:140)
	at org.testng.Assert.assertEquals(Assert.java:122)
	at org.testng.Assert.assertEquals(Assert.java:907)
	at org.testng.Assert.assertEquals(Assert.java:917)
	at stepdefinition.UserStepDef.user_receives_ok_status_with_user_details_response_body(UserStepDef.java:46)
	at ✽.User receives 200 OK Status with user details response body.(file:///C:/Users/Shoban/eclipse-workspace/RestAssuredAPITesting/src/test/resources/Features/3_User.feature:35)
</pre></div></td>
<td>0</td>
<td>testrunner.Runner@446a1e84</td></tr>
<tr>
<td title='testrunner.Runner.runScenario()'><b>runScenario</b><br>Test class: testrunner.Runner<br>Test method: Runs Cucumber Scenarios<br>Parameters: "Check if user able to assign user to program / batch with valid User Id and request body", "User Module"</td>
<td><div><pre>java.lang.AssertionError: expected [200] but found [404]
	at org.testng.Assert.fail(Assert.java:99)
	at org.testng.Assert.failNotEquals(Assert.java:1037)
	at org.testng.Assert.assertEqualsImpl(Assert.java:140)
	at org.testng.Assert.assertEquals(Assert.java:122)
	at org.testng.Assert.assertEquals(Assert.java:907)
	at org.testng.Assert.assertEquals(Assert.java:917)
	at stepdefinition.UserStepDef.user_receives_ok_status_with_user_details_response_body(UserStepDef.java:46)
	at ✽.User receives 200 OK Status with user details response body.(file:///C:/Users/Shoban/eclipse-workspace/RestAssuredAPITesting/src/test/resources/Features/3_User.feature:64)
</pre></div><a href='#' onClick='toggleBox("stack-trace2053841228", this, "Click to show all stack frames", "Click to hide stack frames")'>Click to show all stack frames</a>
<div class='stack-trace' id='stack-trace2053841228'><pre>java.lang.AssertionError: expected [200] but found [404]
	at org.testng.Assert.fail(Assert.java:99)
	at org.testng.Assert.failNotEquals(Assert.java:1037)
	at org.testng.Assert.assertEqualsImpl(Assert.java:140)
	at org.testng.Assert.assertEquals(Assert.java:122)
	at org.testng.Assert.assertEquals(Assert.java:907)
	at org.testng.Assert.assertEquals(Assert.java:917)
	at stepdefinition.UserStepDef.user_receives_ok_status_with_user_details_response_body(UserStepDef.java:46)
	at ✽.User receives 200 OK Status with user details response body.(file:///C:/Users/Shoban/eclipse-workspace/RestAssuredAPITesting/src/test/resources/Features/3_User.feature:64)
</pre></div></td>
<td>0</td>
<td>testrunner.Runner@446a1e84</td></tr>
<tr>
<td title='testrunner.Runner.runScenario()'><b>runScenario</b><br>Test class: testrunner.Runner<br>Test method: Runs Cucumber Scenarios<br>Parameters: "Check if user able to retrieve a grades with valid Assignment ID", "Submit Module"</td>
<td><div><pre>java.lang.AssertionError: expected [200] but found [404]
	at org.testng.Assert.fail(Assert.java:99)
	at org.testng.Assert.failNotEquals(Assert.java:1037)
	at org.testng.Assert.assertEqualsImpl(Assert.java:140)
	at org.testng.Assert.assertEquals(Assert.java:122)
	at org.testng.Assert.assertEquals(Assert.java:907)
	at org.testng.Assert.assertEquals(Assert.java:917)
	at stepdefinition.SubmitStepDef.user_receives_ok_status_with_response_body_for_submission(SubmitStepDef.java:124)
	at ✽.User receives 200 OK Status with response body for submission.(file:///C:/Users/Shoban/eclipse-workspace/RestAssuredAPITesting/src/test/resources/Features/5_Submit.feature:29)
</pre></div><a href='#' onClick='toggleBox("stack-trace312082131", this, "Click to show all stack frames", "Click to hide stack frames")'>Click to show all stack frames</a>
<div class='stack-trace' id='stack-trace312082131'><pre>java.lang.AssertionError: expected [200] but found [404]
	at org.testng.Assert.fail(Assert.java:99)
	at org.testng.Assert.failNotEquals(Assert.java:1037)
	at org.testng.Assert.assertEqualsImpl(Assert.java:140)
	at org.testng.Assert.assertEquals(Assert.java:122)
	at org.testng.Assert.assertEquals(Assert.java:907)
	at org.testng.Assert.assertEquals(Assert.java:917)
	at stepdefinition.SubmitStepDef.user_receives_ok_status_with_response_body_for_submission(SubmitStepDef.java:124)
	at ✽.User receives 200 OK Status with response body for submission.(file:///C:/Users/Shoban/eclipse-workspace/RestAssuredAPITesting/src/test/resources/Features/5_Submit.feature:29)
</pre></div></td>
<td>0</td>
<td>testrunner.Runner@446a1e84</td></tr>
<tr>
<td title='testrunner.Runner.runScenario()'><b>runScenario</b><br>Test class: testrunner.Runner<br>Test method: Runs Cucumber Scenarios<br>Parameters: "Check if user able to update a program  missing mandatory fields in request body", "program module"</td>
<td><div><pre>java.lang.AssertionError: expected [500] but found [400]
	at org.testng.Assert.fail(Assert.java:99)
	at org.testng.Assert.failNotEquals(Assert.java:1037)
	at org.testng.Assert.assertEqualsImpl(Assert.java:140)
	at org.testng.Assert.assertEquals(Assert.java:122)
	at org.testng.Assert.assertEquals(Assert.java:907)
	at org.testng.Assert.assertEquals(Assert.java:917)
	at stepdefinition.ProgramStepDef.user_receives_bad_request_status_with_message_and_boolean_success_details_for_program(ProgramStepDef.java:215)
	at ✽.User receives 400 Bad Request Status with message and boolean success details for program(file:///C:/Users/Shoban/eclipse-workspace/RestAssuredAPITesting/src/test/resources/Features/1_Program.feature:76)
</pre></div><a href='#' onClick='toggleBox("stack-trace878002425", this, "Click to show all stack frames", "Click to hide stack frames")'>Click to show all stack frames</a>
<div class='stack-trace' id='stack-trace878002425'><pre>java.lang.AssertionError: expected [500] but found [400]
	at org.testng.Assert.fail(Assert.java:99)
	at org.testng.Assert.failNotEquals(Assert.java:1037)
	at org.testng.Assert.assertEqualsImpl(Assert.java:140)
	at org.testng.Assert.assertEquals(Assert.java:122)
	at org.testng.Assert.assertEquals(Assert.java:907)
	at org.testng.Assert.assertEquals(Assert.java:917)
	at stepdefinition.ProgramStepDef.user_receives_bad_request_status_with_message_and_boolean_success_details_for_program(ProgramStepDef.java:215)
	at ✽.User receives 400 Bad Request Status with message and boolean success details for program(file:///C:/Users/Shoban/eclipse-workspace/RestAssuredAPITesting/src/test/resources/Features/1_Program.feature:76)
</pre></div></td>
<td>0</td>
<td>testrunner.Runner@446a1e84</td></tr>
<tr>
<td title='testrunner.Runner.runScenario()'><b>runScenario</b><br>Test class: testrunner.Runner<br>Test method: Runs Cucumber Scenarios<br>Parameters: "Check if user able to  create a submission  with valid endpoint and request body (non existing values)", "Submit Module"</td>
<td><div><pre>java.lang.AssertionError: 1 expectation failed.
Expected status code &lt;201&gt; but was &lt;400&gt;.

	at java.base/jdk.internal.reflect.DirectConstructorHandleAccessor.newInstance(DirectConstructorHandleAccessor.java:67)
	at java.base/java.lang.reflect.Constructor.newInstanceWithCaller(Constructor.java:500)
	at java.base/java.lang.reflect.Constructor.newInstance(Constructor.java:484)
	at org.codehaus.groovy.reflection.CachedConstructor.invoke(CachedConstructor.java:73)
	at org.codehaus.groovy.runtime.callsite.ConstructorSite$ConstructorSiteNoUnwrapNoCoerce.callConstructor(ConstructorSite.java:108)
	at org.codehaus.groovy.runtime.callsite.CallSiteArray.defaultCallConstructor(CallSiteArray.java:57)
	at org.codehaus.groovy.runtime.callsite.AbstractCallSite.callConstructor(AbstractCallSite.java:263)
	at org.codehaus.groovy.runtime.callsite.AbstractCallSite.callConstructor(AbstractCallSite.java:277)
	at io.restassured.internal.ResponseSpecificationImpl$HamcrestAssertionClosure.validate(ResponseSpecificationImpl.groovy:512)
	at io.restassured.internal.ResponseSpecificationImpl$HamcrestAssertionClosure$validate$1.call(Unknown Source)
	at io.restassured.internal.ResponseSpecificationImpl.validateResponseIfRequired(ResponseSpecificationImpl.groovy:696)
	at io.restassured.internal.ResponseSpecificationImpl.this$2$validateResponseIfRequired(ResponseSpecificationImpl.groovy)
	at java.base/jdk.internal.reflect.DirectMethodHandleAccessor.invoke(DirectMethodHandleAccessor.java:104)
	at java.base/java.lang.reflect.Method.invoke(Method.java:578)
	at org.codehaus.groovy.runtime.callsite.PlainObjectMetaMethodSite.doInvoke(PlainObjectMetaMethodSite.java:43)
	at org.codehaus.groovy.runtime.callsite.PogoMetaMethodSite$PogoCachedMethodSiteNoUnwrapNoCoerce.invoke(PogoMetaMethodSite.java:198)
	at org.codehaus.groovy.runtime.callsite.PogoMetaMethodSite.callCurrent(PogoMetaMethodSite.java:62)
	at org.codehaus.groovy.runtime.callsite.AbstractCallSite.callCurrent(AbstractCallSite.java:185)
	at io.restassured.internal.ResponseSpecificationImpl.statusCode(ResponseSpecificationImpl.groovy:135)
	at io.restassured.specification.ResponseSpecification$statusCode$0.callCurrent(Unknown Source)
	at io.restassured.internal.ResponseSpecificationImpl.statusCode(ResponseSpecificationImpl.groovy:143)
	at io.restassured.internal.ValidatableResponseOptionsImpl.statusCode(ValidatableResponseOptionsImpl.java:89)
	at stepdefinition.SubmitStepDef.user_receives_created_status_with_success_submit_response_body(SubmitStepDef.java:59)
	at ✽.User receives 201 Created Status with success submit response body.(file:///C:/Users/Shoban/eclipse-workspace/RestAssuredAPITesting/src/test/resources/Features/5_Submit.feature:7)
</pre></div><a href='#' onClick='toggleBox("stack-trace837603331", this, "Click to show all stack frames", "Click to hide stack frames")'>Click to show all stack frames</a>
<div class='stack-trace' id='stack-trace837603331'><pre>java.lang.AssertionError: 1 expectation failed.
Expected status code &lt;201&gt; but was &lt;400&gt;.

	at java.base/jdk.internal.reflect.DirectConstructorHandleAccessor.newInstance(DirectConstructorHandleAccessor.java:67)
	at java.base/java.lang.reflect.Constructor.newInstanceWithCaller(Constructor.java:500)
	at java.base/java.lang.reflect.Constructor.newInstance(Constructor.java:484)
	at org.codehaus.groovy.reflection.CachedConstructor.invoke(CachedConstructor.java:73)
	at org.codehaus.groovy.runtime.callsite.ConstructorSite$ConstructorSiteNoUnwrapNoCoerce.callConstructor(ConstructorSite.java:108)
	at org.codehaus.groovy.runtime.callsite.CallSiteArray.defaultCallConstructor(CallSiteArray.java:57)
	at org.codehaus.groovy.runtime.callsite.AbstractCallSite.callConstructor(AbstractCallSite.java:263)
	at org.codehaus.groovy.runtime.callsite.AbstractCallSite.callConstructor(AbstractCallSite.java:277)
	at io.restassured.internal.ResponseSpecificationImpl$HamcrestAssertionClosure.validate(ResponseSpecificationImpl.groovy:512)
	at io.restassured.internal.ResponseSpecificationImpl$HamcrestAssertionClosure$validate$1.call(Unknown Source)
	at io.restassured.internal.ResponseSpecificationImpl.validateResponseIfRequired(ResponseSpecificationImpl.groovy:696)
	at io.restassured.internal.ResponseSpecificationImpl.this$2$validateResponseIfRequired(ResponseSpecificationImpl.groovy)
	at java.base/jdk.internal.reflect.DirectMethodHandleAccessor.invoke(DirectMethodHandleAccessor.java:104)
	at java.base/java.lang.reflect.Method.invoke(Method.java:578)
	at org.codehaus.groovy.runtime.callsite.PlainObjectMetaMethodSite.doInvoke(PlainObjectMetaMethodSite.java:43)
	at org.codehaus.groovy.runtime.callsite.PogoMetaMethodSite$PogoCachedMethodSiteNoUnwrapNoCoerce.invoke(PogoMetaMethodSite.java:198)
	at org.codehaus.groovy.runtime.callsite.PogoMetaMethodSite.callCurrent(PogoMetaMethodSite.java:62)
	at org.codehaus.groovy.runtime.callsite.AbstractCallSite.callCurrent(AbstractCallSite.java:185)
	at io.restassured.internal.ResponseSpecificationImpl.statusCode(ResponseSpecificationImpl.groovy:135)
	at io.restassured.specification.ResponseSpecification$statusCode$0.callCurrent(Unknown Source)
	at io.restassured.internal.ResponseSpecificationImpl.statusCode(ResponseSpecificationImpl.groovy:143)
	at io.restassured.internal.ValidatableResponseOptionsImpl.statusCode(ValidatableResponseOptionsImpl.java:89)
	at stepdefinition.SubmitStepDef.user_receives_created_status_with_success_submit_response_body(SubmitStepDef.java:59)
	at ✽.User receives 201 Created Status with success submit response body.(file:///C:/Users/Shoban/eclipse-workspace/RestAssuredAPITesting/src/test/resources/Features/5_Submit.feature:7)
</pre></div></td>
<td>0</td>
<td>testrunner.Runner@446a1e84</td></tr>
<tr>
<td title='testrunner.Runner.runScenario()'><b>runScenario</b><br>Test class: testrunner.Runner<br>Test method: Runs Cucumber Scenarios<br>Parameters: "Check if user able to update a submission with invalid submission ID and mandatory request body", "Submit Module"</td>
<td><div><pre>java.lang.AssertionError: expected [400] but found [404]
	at org.testng.Assert.fail(Assert.java:99)
	at org.testng.Assert.failNotEquals(Assert.java:1037)
	at org.testng.Assert.assertEqualsImpl(Assert.java:140)
	at org.testng.Assert.assertEquals(Assert.java:122)
	at org.testng.Assert.assertEquals(Assert.java:907)
	at org.testng.Assert.assertEquals(Assert.java:917)
	at stepdefinition.SubmitStepDef.user_receives_not_found_status_with_message_and_boolean_success_details_for_submission(SubmitStepDef.java:141)
	at ✽.User receives 404 Not Found Status with message and boolean success details for submission(file:///C:/Users/Shoban/eclipse-workspace/RestAssuredAPITesting/src/test/resources/Features/5_Submit.feature:89)
</pre></div><a href='#' onClick='toggleBox("stack-trace102027291", this, "Click to show all stack frames", "Click to hide stack frames")'>Click to show all stack frames</a>
<div class='stack-trace' id='stack-trace102027291'><pre>java.lang.AssertionError: expected [400] but found [404]
	at org.testng.Assert.fail(Assert.java:99)
	at org.testng.Assert.failNotEquals(Assert.java:1037)
	at org.testng.Assert.assertEqualsImpl(Assert.java:140)
	at org.testng.Assert.assertEquals(Assert.java:122)
	at org.testng.Assert.assertEquals(Assert.java:907)
	at org.testng.Assert.assertEquals(Assert.java:917)
	at stepdefinition.SubmitStepDef.user_receives_not_found_status_with_message_and_boolean_success_details_for_submission(SubmitStepDef.java:141)
	at ✽.User receives 404 Not Found Status with message and boolean success details for submission(file:///C:/Users/Shoban/eclipse-workspace/RestAssuredAPITesting/src/test/resources/Features/5_Submit.feature:89)
</pre></div></td>
<td>0</td>
<td>testrunner.Runner@446a1e84</td></tr>
<tr>
<td title='testrunner.Runner.runScenario()'><b>runScenario</b><br>Test class: testrunner.Runner<br>Test method: Runs Cucumber Scenarios<br>Parameters: "Check if user able to update a submission with valid submission ID and mandatory request body", "Submit Module"</td>
<td><div><pre>java.lang.AssertionError: expected [200] but found [400]
	at org.testng.Assert.fail(Assert.java:99)
	at org.testng.Assert.failNotEquals(Assert.java:1037)
	at org.testng.Assert.assertEqualsImpl(Assert.java:140)
	at org.testng.Assert.assertEquals(Assert.java:122)
	at org.testng.Assert.assertEquals(Assert.java:907)
	at org.testng.Assert.assertEquals(Assert.java:917)
	at stepdefinition.SubmitStepDef.user_receives_ok_status_with_response_body_for_submission(SubmitStepDef.java:124)
	at ✽.User receives 200 OK Status with response body for submission.(file:///C:/Users/Shoban/eclipse-workspace/RestAssuredAPITesting/src/test/resources/Features/5_Submit.feature:84)
</pre></div><a href='#' onClick='toggleBox("stack-trace1602314131", this, "Click to show all stack frames", "Click to hide stack frames")'>Click to show all stack frames</a>
<div class='stack-trace' id='stack-trace1602314131'><pre>java.lang.AssertionError: expected [200] but found [400]
	at org.testng.Assert.fail(Assert.java:99)
	at org.testng.Assert.failNotEquals(Assert.java:1037)
	at org.testng.Assert.assertEqualsImpl(Assert.java:140)
	at org.testng.Assert.assertEquals(Assert.java:122)
	at org.testng.Assert.assertEquals(Assert.java:907)
	at org.testng.Assert.assertEquals(Assert.java:917)
	at stepdefinition.SubmitStepDef.user_receives_ok_status_with_response_body_for_submission(SubmitStepDef.java:124)
	at ✽.User receives 200 OK Status with response body for submission.(file:///C:/Users/Shoban/eclipse-workspace/RestAssuredAPITesting/src/test/resources/Features/5_Submit.feature:84)
</pre></div></td>
<td>0</td>
<td>testrunner.Runner@446a1e84</td></tr>
<tr>
<td title='testrunner.Runner.runScenario()'><b>runScenario</b><br>Test class: testrunner.Runner<br>Test method: Runs Cucumber Scenarios<br>Parameters: "Check if user able to grade assignment with valid submission Id and missing mandatory request body", "Submit Module"</td>
<td><div><pre>java.lang.AssertionError: expected [404] but found [400]
	at org.testng.Assert.fail(Assert.java:99)
	at org.testng.Assert.failNotEquals(Assert.java:1037)
	at org.testng.Assert.assertEqualsImpl(Assert.java:140)
	at org.testng.Assert.assertEquals(Assert.java:122)
	at org.testng.Assert.assertEquals(Assert.java:907)
	at org.testng.Assert.assertEquals(Assert.java:917)
	at stepdefinition.SubmitStepDef.user_receives_bad_request_status_with_message_and_boolean_success_details_for_submit(SubmitStepDef.java:88)
	at ✽.User receives 400 Bad Request Status with message and boolean success details for submit(file:///C:/Users/Shoban/eclipse-workspace/RestAssuredAPITesting/src/test/resources/Features/5_Submit.feature:110)
</pre></div><a href='#' onClick='toggleBox("stack-trace1893760760", this, "Click to show all stack frames", "Click to hide stack frames")'>Click to show all stack frames</a>
<div class='stack-trace' id='stack-trace1893760760'><pre>java.lang.AssertionError: expected [404] but found [400]
	at org.testng.Assert.fail(Assert.java:99)
	at org.testng.Assert.failNotEquals(Assert.java:1037)
	at org.testng.Assert.assertEqualsImpl(Assert.java:140)
	at org.testng.Assert.assertEquals(Assert.java:122)
	at org.testng.Assert.assertEquals(Assert.java:907)
	at org.testng.Assert.assertEquals(Assert.java:917)
	at stepdefinition.SubmitStepDef.user_receives_bad_request_status_with_message_and_boolean_success_details_for_submit(SubmitStepDef.java:88)
	at ✽.User receives 400 Bad Request Status with message and boolean success details for submit(file:///C:/Users/Shoban/eclipse-workspace/RestAssuredAPITesting/src/test/resources/Features/5_Submit.feature:110)
</pre></div></td>
<td>0</td>
<td>testrunner.Runner@446a1e84</td></tr>
<tr>
<td title='testrunner.Runner.runScenario()'><b>runScenario</b><br>Test class: testrunner.Runner<br>Test method: Runs Cucumber Scenarios<br>Parameters: "Check if user able to retrieve a submission with invalid Batch Id", "Submit Module"</td>
<td><div><pre>java.lang.AssertionError: expected [200] but found [404]
	at org.testng.Assert.fail(Assert.java:99)
	at org.testng.Assert.failNotEquals(Assert.java:1037)
	at org.testng.Assert.assertEqualsImpl(Assert.java:140)
	at org.testng.Assert.assertEquals(Assert.java:122)
	at org.testng.Assert.assertEquals(Assert.java:907)
	at org.testng.Assert.assertEquals(Assert.java:917)
	at stepdefinition.SubmitStepDef.user_receives_not_found_status_with_message_and_boolean_success_details_for_submission(SubmitStepDef.java:141)
	at ✽.User receives 404 Not Found Status with message and boolean success details for submission(file:///C:/Users/Shoban/eclipse-workspace/RestAssuredAPITesting/src/test/resources/Features/5_Submit.feature:67)
</pre></div><a href='#' onClick='toggleBox("stack-trace250062136", this, "Click to show all stack frames", "Click to hide stack frames")'>Click to show all stack frames</a>
<div class='stack-trace' id='stack-trace250062136'><pre>java.lang.AssertionError: expected [200] but found [404]
	at org.testng.Assert.fail(Assert.java:99)
	at org.testng.Assert.failNotEquals(Assert.java:1037)
	at org.testng.Assert.assertEqualsImpl(Assert.java:140)
	at org.testng.Assert.assertEquals(Assert.java:122)
	at org.testng.Assert.assertEquals(Assert.java:907)
	at org.testng.Assert.assertEquals(Assert.java:917)
	at stepdefinition.SubmitStepDef.user_receives_not_found_status_with_message_and_boolean_success_details_for_submission(SubmitStepDef.java:141)
	at ✽.User receives 404 Not Found Status with message and boolean success details for submission(file:///C:/Users/Shoban/eclipse-workspace/RestAssuredAPITesting/src/test/resources/Features/5_Submit.feature:67)
</pre></div></td>
<td>0</td>
<td>testrunner.Runner@446a1e84</td></tr>
</table><p>
<table width='100%' border='1' class='invocation-passed'>
<tr><td colspan='4' align='center'><b>PASSED TESTS</b></td></tr>
<tr><td><b>Test method</b></td>
<td width="30%"><b>Exception</b></td>
<td width="10%"><b>Time (seconds)</b></td>
<td><b>Instance</b></td>
</tr>
<tr>
<td title='testrunner.Runner.runScenario()'><b>runScenario</b><br>Test class: testrunner.Runner<br>Test method: Runs Cucumber Scenarios<br>Parameters: "Check if user able to delete a record with valid Assignment ID", "Delete"</td>
<td></td>
<td>0</td>
<td>testrunner.Runner@446a1e84</td></tr>
<tr>
<td title='testrunner.Runner.runScenario()'><b>runScenario</b><br>Test class: testrunner.Runner<br>Test method: Runs Cucumber Scenarios<br>Parameters: "Check if user able to delete a program with valid LMS API,invalid program ID", "program module"</td>
<td></td>
<td>0</td>
<td>testrunner.Runner@446a1e84</td></tr>
<tr>
<td title='testrunner.Runner.runScenario()'><b>runScenario</b><br>Test class: testrunner.Runner<br>Test method: Runs Cucumber Scenarios<br>Parameters: "Check if user able to retrieve a record with invalid Assignment ID", "Assignment Module"</td>
<td></td>
<td>0</td>
<td>testrunner.Runner@446a1e84</td></tr>
<tr>
<td title='testrunner.Runner.runScenario()'><b>runScenario</b><br>Test class: testrunner.Runner<br>Test method: Runs Cucumber Scenarios<br>Parameters: "Check if user able to update a record with valid AssignmentID and missing mandatory fields request body", "Assignment Module"</td>
<td></td>
<td>0</td>
<td>testrunner.Runner@446a1e84</td></tr>
<tr>
<td title='testrunner.Runner.runScenario()'><b>runScenario</b><br>Test class: testrunner.Runner<br>Test method: Runs Cucumber Scenarios<br>Parameters: "Check if user able to create a submission missing mandatory fields in request body", "Submit Module"</td>
<td></td>
<td>0</td>
<td>testrunner.Runner@446a1e84</td></tr>
<tr>
<td title='testrunner.Runner.runScenario()'><b>runScenario</b><br>Test class: testrunner.Runner<br>Test method: Runs Cucumber Scenarios<br>Parameters: "Check if user able to update a Batch with invalid batchID and mandatory request body", "Batch Module"</td>
<td></td>
<td>0</td>
<td>testrunner.Runner@446a1e84</td></tr>
<tr>
<td title='testrunner.Runner.runScenario()'><b>runScenario</b><br>Test class: testrunner.Runner<br>Test method: Runs Cucumber Scenarios<br>Parameters: "Check if user able to create a program with valid endpoint and request body (existing values in Program Name)", "program module"</td>
<td></td>
<td>0</td>
<td>testrunner.Runner@446a1e84</td></tr>
<tr>
<td title='testrunner.Runner.runScenario()'><b>runScenario</b><br>Test class: testrunner.Runner<br>Test method: Runs Cucumber Scenarios<br>Parameters: "Check if user able to add a record missing mandatory fields in request body", "Assignment Module"</td>
<td></td>
<td>0</td>
<td>testrunner.Runner@446a1e84</td></tr>
<tr>
<td title='testrunner.Runner.runScenario()'><b>runScenario</b><br>Test class: testrunner.Runner<br>Test method: Runs Cucumber Scenarios<br>Parameters: "Check if user able to retrieve a submission with valid batchID", "Submit Module"</td>
<td></td>
<td>0</td>
<td>testrunner.Runner@446a1e84</td></tr>
<tr>
<td title='testrunner.Runner.runScenario()'><b>runScenario</b><br>Test class: testrunner.Runner<br>Test method: Runs Cucumber Scenarios<br>Parameters: "Check if user able to update a user with valid User ID and request body", "User Module"</td>
<td></td>
<td>0</td>
<td>testrunner.Runner@446a1e84</td></tr>
<tr>
<td title='testrunner.Runner.runScenario()'><b>runScenario</b><br>Test class: testrunner.Runner<br>Test method: Runs Cucumber Scenarios<br>Parameters: "Check if user able to create a User missing mandatory fields in request body", "User Module"</td>
<td></td>
<td>0</td>
<td>testrunner.Runner@446a1e84</td></tr>
<tr>
<td title='testrunner.Runner.runScenario()'><b>runScenario</b><br>Test class: testrunner.Runner<br>Test method: Runs Cucumber Scenarios<br>Parameters: "Check if user able to delete a program with valid program ID", "Delete"</td>
<td></td>
<td>0</td>
<td>testrunner.Runner@446a1e84</td></tr>
<tr>
<td title='testrunner.Runner.runScenario()'><b>runScenario</b><br>Test class: testrunner.Runner<br>Test method: Runs Cucumber Scenarios<br>Parameters: "Check if user able to delete a submission with valid LMS API,invalid Submission Id", "Submit Module"</td>
<td></td>
<td>0</td>
<td>testrunner.Runner@446a1e84</td></tr>
<tr>
<td title='testrunner.Runner.runScenario()'><b>runScenario</b><br>Test class: testrunner.Runner<br>Test method: Runs Cucumber Scenarios<br>Parameters: "Check if user able to retrieve a grades with invalid BatchID", "Submit Module"</td>
<td></td>
<td>0</td>
<td>testrunner.Runner@446a1e84</td></tr>
<tr>
<td title='testrunner.Runner.runScenario()'><b>runScenario</b><br>Test class: testrunner.Runner<br>Test method: Runs Cucumber Scenarios<br>Parameters: "Check if user able to add a record with valid endpoint and request body (non existing values)", "Assignment Module"</td>
<td></td>
<td>0</td>
<td>testrunner.Runner@446a1e84</td></tr>
<tr>
<td title='testrunner.Runner.runScenario()'><b>runScenario</b><br>Test class: testrunner.Runner<br>Test method: Runs Cucumber Scenarios<br>Parameters: "Check if user able to update a submission with valid submission ID and missing mandatory fields request body", "Submit Module"</td>
<td></td>
<td>0</td>
<td>testrunner.Runner@446a1e84</td></tr>
<tr>
<td title='testrunner.Runner.runScenario()'><b>runScenario</b><br>Test class: testrunner.Runner<br>Test method: Runs Cucumber Scenarios<br>Parameters: "Check if user able to retrieve a program with valid program ID and LMS API", "program module"</td>
<td></td>
<td>0</td>
<td>testrunner.Runner@446a1e84</td></tr>
<tr>
<td title='testrunner.Runner.runScenario()'><b>runScenario</b><br>Test class: testrunner.Runner<br>Test method: Runs Cucumber Scenarios<br>Parameters: "Check if user able to retrieve all batches  with valid LMS API", "Batch Module"</td>
<td></td>
<td>1</td>
<td>testrunner.Runner@446a1e84</td></tr>
<tr>
<td title='testrunner.Runner.runScenario()'><b>runScenario</b><br>Test class: testrunner.Runner<br>Test method: Runs Cucumber Scenarios<br>Parameters: "Check if user able to retrieve a batch with valid BATCH NAME", "Batch Module"</td>
<td></td>
<td>0</td>
<td>testrunner.Runner@446a1e84</td></tr>
<tr>
<td title='testrunner.Runner.runScenario()'><b>runScenario</b><br>Test class: testrunner.Runner<br>Test method: Runs Cucumber Scenarios<br>Parameters: "Check if user able to retrieve a batch with invalid Program Id", "Batch Module"</td>
<td></td>
<td>0</td>
<td>testrunner.Runner@446a1e84</td></tr>
<tr>
<td title='testrunner.Runner.runScenario()'><b>runScenario</b><br>Test class: testrunner.Runner<br>Test method: Runs Cucumber Scenarios<br>Parameters: "Check if user able to delete a user with valid User Id", "Delete"</td>
<td></td>
<td>0</td>
<td>testrunner.Runner@446a1e84</td></tr>
<tr>
<td title='testrunner.Runner.runScenario()'><b>runScenario</b><br>Test class: testrunner.Runner<br>Test method: Runs Cucumber Scenarios<br>Parameters: "Check if user able to add a record with valid endpoint and request body (existing value)", "Assignment Module"</td>
<td></td>
<td>0</td>
<td>testrunner.Runner@446a1e84</td></tr>
<tr>
<td title='testrunner.Runner.runScenario()'><b>runScenario</b><br>Test class: testrunner.Runner<br>Test method: Runs Cucumber Scenarios<br>Parameters: "Check if user able to retrieve all programs with valid LMS API", "program module"</td>
<td></td>
<td>6</td>
<td>testrunner.Runner@446a1e84</td></tr>
<tr>
<td title='testrunner.Runner.runScenario()'><b>runScenario</b><br>Test class: testrunner.Runner<br>Test method: Runs Cucumber Scenarios<br>Parameters: "Check if user able to update a user with invalid User Id and request body", "User Module"</td>
<td></td>
<td>0</td>
<td>testrunner.Runner@446a1e84</td></tr>
<tr>
<td title='testrunner.Runner.runScenario()'><b>runScenario</b><br>Test class: testrunner.Runner<br>Test method: Runs Cucumber Scenarios<br>Parameters: "Check if user able to update a user with valid User ID and missing mandatory fields request body", "User Module"</td>
<td></td>
<td>0</td>
<td>testrunner.Runner@446a1e84</td></tr>
<tr>
<td title='testrunner.Runner.runScenario()'><b>runScenario</b><br>Test class: testrunner.Runner<br>Test method: Runs Cucumber Scenarios<br>Parameters: "Check if user able to update a program with invalid programID and mandatory request body", "program module"</td>
<td></td>
<td>0</td>
<td>testrunner.Runner@446a1e84</td></tr>
<tr>
<td title='testrunner.Runner.runScenario()'><b>runScenario</b><br>Test class: testrunner.Runner<br>Test method: Runs Cucumber Scenarios<br>Parameters: "Check if user able to update a user with valid User Id and request body (missing field)", "User Module"</td>
<td></td>
<td>0</td>
<td>testrunner.Runner@446a1e84</td></tr>
<tr>
<td title='testrunner.Runner.runScenario()'><b>runScenario</b><br>Test class: testrunner.Runner<br>Test method: Runs Cucumber Scenarios<br>Parameters: "Check if user able to retrieve a submission with valid UserID", "Submit Module"</td>
<td></td>
<td>0</td>
<td>testrunner.Runner@446a1e84</td></tr>
<tr>
<td title='testrunner.Runner.runScenario()'><b>runScenario</b><br>Test class: testrunner.Runner<br>Test method: Runs Cucumber Scenarios<br>Parameters: "Check if user able to create a program with valid endpoint and request body (non existing values)", "program module"</td>
<td></td>
<td>2</td>
<td>testrunner.Runner@446a1e84</td></tr>
<tr>
<td title='testrunner.Runner.runScenario()'><b>runScenario</b><br>Test class: testrunner.Runner<br>Test method: Runs Cucumber Scenarios<br>Parameters: "Check if user able to create a Batch missing mandatory fields in request body", "Batch Module"</td>
<td></td>
<td>0</td>
<td>testrunner.Runner@446a1e84</td></tr>
<tr>
<td title='testrunner.Runner.runScenario()'><b>runScenario</b><br>Test class: testrunner.Runner<br>Test method: Runs Cucumber Scenarios<br>Parameters: "Check if user able to create a User with valid endpoint and request body (non existing values)", "User Module"</td>
<td></td>
<td>0</td>
<td>testrunner.Runner@446a1e84</td></tr>
<tr>
<td title='testrunner.Runner.runScenario()'><b>runScenario</b><br>Test class: testrunner.Runner<br>Test method: Runs Cucumber Scenarios<br>Parameters: "Check if user able to retrieve a batch with valid BATCH ID", "Batch Module"</td>
<td></td>
<td>0</td>
<td>testrunner.Runner@446a1e84</td></tr>
<tr>
<td title='testrunner.Runner.runScenario()'><b>runScenario</b><br>Test class: testrunner.Runner<br>Test method: Runs Cucumber Scenarios<br>Parameters: "Check if user able to retrieve a program with invalid program ID and LMS API", "program module"</td>
<td></td>
<td>0</td>
<td>testrunner.Runner@446a1e84</td></tr>
<tr>
<td title='testrunner.Runner.runScenario()'><b>runScenario</b><br>Test class: testrunner.Runner<br>Test method: Runs Cucumber Scenarios<br>Parameters: "Check if user able to retrieve a record with valid Assignment ID", "Assignment Module"</td>
<td></td>
<td>0</td>
<td>testrunner.Runner@446a1e84</td></tr>
<tr>
<td title='testrunner.Runner.runScenario()'><b>runScenario</b><br>Test class: testrunner.Runner<br>Test method: Runs Cucumber Scenarios<br>Parameters: "Check if user able to delete a Batch with valid batchID", "Delete"</td>
<td></td>
<td>0</td>
<td>testrunner.Runner@446a1e84</td></tr>
<tr>
<td title='testrunner.Runner.runScenario()'><b>runScenario</b><br>Test class: testrunner.Runner<br>Test method: Runs Cucumber Scenarios<br>Parameters: "Check if user able to retrieve a record with invalid BATCH ID", "Assignment Module"</td>
<td></td>
<td>0</td>
<td>testrunner.Runner@446a1e84</td></tr>
<tr>
<td title='testrunner.Runner.runScenario()'><b>runScenario</b><br>Test class: testrunner.Runner<br>Test method: Runs Cucumber Scenarios<br>Parameters: "Check if user able to update a record with invalid Assignment ID and mandatory request body", "Assignment Module"</td>
<td></td>
<td>0</td>
<td>testrunner.Runner@446a1e84</td></tr>
<tr>
<td title='testrunner.Runner.runScenario()'><b>runScenario</b><br>Test class: testrunner.Runner<br>Test method: Runs Cucumber Scenarios<br>Parameters: "Check if user able to retrieve a submission with invalid UserId", "Submit Module"</td>
<td></td>
<td>0</td>
<td>testrunner.Runner@446a1e84</td></tr>
<tr>
<td title='testrunner.Runner.runScenario()'><b>runScenario</b><br>Test class: testrunner.Runner<br>Test method: Runs Cucumber Scenarios<br>Parameters: "Check if user able to update a user with valid User Id and request body", "User Module"</td>
<td></td>
<td>0</td>
<td>testrunner.Runner@446a1e84</td></tr>
<tr>
<td title='testrunner.Runner.runScenario()'><b>runScenario</b><br>Test class: testrunner.Runner<br>Test method: Runs Cucumber Scenarios<br>Parameters: "Check if user able to  assign user to program / batch with valid User Id and request body (missing field)", "User Module"</td>
<td></td>
<td>0</td>
<td>testrunner.Runner@446a1e84</td></tr>
<tr>
<td title='testrunner.Runner.runScenario()'><b>runScenario</b><br>Test class: testrunner.Runner<br>Test method: Runs Cucumber Scenarios<br>Parameters: "Check if user able to retrieve a record with valid BATCH ID", "Assignment Module"</td>
<td></td>
<td>0</td>
<td>testrunner.Runner@446a1e84</td></tr>
<tr>
<td title='testrunner.Runner.runScenario()'><b>runScenario</b><br>Test class: testrunner.Runner<br>Test method: Runs Cucumber Scenarios<br>Parameters: "Check if user able to retrieve a batch with valid Program ID", "Batch Module"</td>
<td></td>
<td>0</td>
<td>testrunner.Runner@446a1e84</td></tr>
<tr>
<td title='testrunner.Runner.runScenario()'><b>runScenario</b><br>Test class: testrunner.Runner<br>Test method: Runs Cucumber Scenarios<br>Parameters: "Check if user able to update a user with invalid User Id and request body", "User Module"</td>
<td></td>
<td>0</td>
<td>testrunner.Runner@446a1e84</td></tr>
<tr>
<td title='testrunner.Runner.runScenario()'><b>runScenario</b><br>Test class: testrunner.Runner<br>Test method: Runs Cucumber Scenarios<br>Parameters: "Check if user able to retrieve a grades with valid Student ID", "Submit Module"</td>
<td></td>
<td>0</td>
<td>testrunner.Runner@446a1e84</td></tr>
<tr>
<td title='testrunner.Runner.runScenario()'><b>runScenario</b><br>Test class: testrunner.Runner<br>Test method: Runs Cucumber Scenarios<br>Parameters: "Check if user able to  assign user to program / batch with invalid User Id and request body", "User Module"</td>
<td></td>
<td>0</td>
<td>testrunner.Runner@446a1e84</td></tr>
<tr>
<td title='testrunner.Runner.runScenario()'><b>runScenario</b><br>Test class: testrunner.Runner<br>Test method: Runs Cucumber Scenarios<br>Parameters: "Check if user able to grade assignment with invalid submission  Id and mandatory request body", "Submit Module"</td>
<td></td>
<td>0</td>
<td>testrunner.Runner@446a1e84</td></tr>
<tr>
<td title='testrunner.Runner.runScenario()'><b>runScenario</b><br>Test class: testrunner.Runner<br>Test method: Runs Cucumber Scenarios<br>Parameters: "Check if user able to create a Batch with valid endpoint and request body (non existing values)", "Batch Module"</td>
<td></td>
<td>0</td>
<td>testrunner.Runner@446a1e84</td></tr>
<tr>
<td title='testrunner.Runner.runScenario()'><b>runScenario</b><br>Test class: testrunner.Runner<br>Test method: Runs Cucumber Scenarios<br>Parameters: "Check if user able to retrieve a user with invalid User ID", "User Module"</td>
<td></td>
<td>0</td>
<td>testrunner.Runner@446a1e84</td></tr>
<tr>
<td title='testrunner.Runner.runScenario()'><b>runScenario</b><br>Test class: testrunner.Runner<br>Test method: Runs Cucumber Scenarios<br>Parameters: "Check if user able to update a program with valid programID and mandatory request body", "program module"</td>
<td></td>
<td>0</td>
<td>testrunner.Runner@446a1e84</td></tr>
<tr>
<td title='testrunner.Runner.runScenario()'><b>runScenario</b><br>Test class: testrunner.Runner<br>Test method: Runs Cucumber Scenarios<br>Parameters: "Check if user able to retrieve all submission with valid LMS API endpoint", "Submit Module"</td>
<td></td>
<td>0</td>
<td>testrunner.Runner@446a1e84</td></tr>
<tr>
<td title='testrunner.Runner.runScenario()'><b>runScenario</b><br>Test class: testrunner.Runner<br>Test method: Runs Cucumber Scenarios<br>Parameters: "Check if user able to retrieve a user with valid LMS API", "User Module"</td>
<td></td>
<td>2</td>
<td>testrunner.Runner@446a1e84</td></tr>
<tr>
<td title='testrunner.Runner.runScenario()'><b>runScenario</b><br>Test class: testrunner.Runner<br>Test method: Runs Cucumber Scenarios<br>Parameters: "Check if user able to update a record with valid AssignmentID and mandatory request body", "Assignment Module"</td>
<td></td>
<td>0</td>
<td>testrunner.Runner@446a1e84</td></tr>
<tr>
<td title='testrunner.Runner.runScenario()'><b>runScenario</b><br>Test class: testrunner.Runner<br>Test method: Runs Cucumber Scenarios<br>Parameters: "Check if user able to delete a Batch with valid LMS API,invalid batchID", "Batch Module"</td>
<td></td>
<td>0</td>
<td>testrunner.Runner@446a1e84</td></tr>
<tr>
<td title='testrunner.Runner.runScenario()'><b>runScenario</b><br>Test class: testrunner.Runner<br>Test method: Runs Cucumber Scenarios<br>Parameters: "Check if user able to retrieve a grades with invalid Assignment ID", "Submit Module"</td>
<td></td>
<td>0</td>
<td>testrunner.Runner@446a1e84</td></tr>
<tr>
<td title='testrunner.Runner.runScenario()'><b>runScenario</b><br>Test class: testrunner.Runner<br>Test method: Runs Cucumber Scenarios<br>Parameters: "Check if user able to retrieve a grades with invalid Student ID", "Submit Module"</td>
<td></td>
<td>0</td>
<td>testrunner.Runner@446a1e84</td></tr>
<tr>
<td title='testrunner.Runner.runScenario()'><b>runScenario</b><br>Test class: testrunner.Runner<br>Test method: Runs Cucumber Scenarios<br>Parameters: "Check if user able to retrieve a grades with valid  batchID", "Submit Module"</td>
<td></td>
<td>0</td>
<td>testrunner.Runner@446a1e84</td></tr>
<tr>
<td title='testrunner.Runner.runScenario()'><b>runScenario</b><br>Test class: testrunner.Runner<br>Test method: Runs Cucumber Scenarios<br>Parameters: "Check if user able to retrieve a batch with invalid BATCH ID", "Batch Module"</td>
<td></td>
<td>0</td>
<td>testrunner.Runner@446a1e84</td></tr>
<tr>
<td title='testrunner.Runner.runScenario()'><b>runScenario</b><br>Test class: testrunner.Runner<br>Test method: Runs Cucumber Scenarios<br>Parameters: "Check if user able to create a submission with valid endpoint and request body (existing value)", "Submit Module"</td>
<td></td>
<td>0</td>
<td>testrunner.Runner@446a1e84</td></tr>
<tr>
<td title='testrunner.Runner.runScenario()'><b>runScenario</b><br>Test class: testrunner.Runner<br>Test method: Runs Cucumber Scenarios<br>Parameters: "Check if user able to retrieve all user with valid LMS API", "User Module"</td>
<td></td>
<td>0</td>
<td>testrunner.Runner@446a1e84</td></tr>
<tr>
<td title='testrunner.Runner.runScenario()'><b>runScenario</b><br>Test class: testrunner.Runner<br>Test method: Runs Cucumber Scenarios<br>Parameters: "Check if user able to update a program with Valid program Name and request body", "program module"</td>
<td></td>
<td>0</td>
<td>testrunner.Runner@446a1e84</td></tr>
<tr>
<td title='testrunner.Runner.runScenario()'><b>runScenario</b><br>Test class: testrunner.Runner<br>Test method: Runs Cucumber Scenarios<br>Parameters: "Check if user able to retrieve a user with valid User ID", "User Module"</td>
<td></td>
<td>0</td>
<td>testrunner.Runner@446a1e84</td></tr>
<tr>
<td title='testrunner.Runner.runScenario()'><b>runScenario</b><br>Test class: testrunner.Runner<br>Test method: Runs Cucumber Scenarios<br>Parameters: "Check if user able to retrieve a record with valid LMS API", "Assignment Module"</td>
<td></td>
<td>0</td>
<td>testrunner.Runner@446a1e84</td></tr>
<tr>
<td title='testrunner.Runner.runScenario()'><b>runScenario</b><br>Test class: testrunner.Runner<br>Test method: Runs Cucumber Scenarios<br>Parameters: "Check if user able to delete a record with invalid LMS API,", "Assignment Module"</td>
<td></td>
<td>0</td>
<td>testrunner.Runner@446a1e84</td></tr>
<tr>
<td title='testrunner.Runner.runScenario()'><b>runScenario</b><br>Test class: testrunner.Runner<br>Test method: Runs Cucumber Scenarios<br>Parameters: "Check if user able to update a Batch with valid batchID and mandatory request body", "Batch Module"</td>
<td></td>
<td>0</td>
<td>testrunner.Runner@446a1e84</td></tr>
<tr>
<td title='testrunner.Runner.runScenario()'><b>runScenario</b><br>Test class: testrunner.Runner<br>Test method: Runs Cucumber Scenarios<br>Parameters: "Check if user able to retrieve a batch with invalid BATCH NAME", "Batch Module"</td>
<td></td>
<td>0</td>
<td>testrunner.Runner@446a1e84</td></tr>
<tr>
<td title='testrunner.Runner.runScenario()'><b>runScenario</b><br>Test class: testrunner.Runner<br>Test method: Runs Cucumber Scenarios<br>Parameters: "Check if user able to delete a user with valid LMS API,invalid user Id", "User Module"</td>
<td></td>
<td>0</td>
<td>testrunner.Runner@446a1e84</td></tr>
<tr>
<td title='testrunner.Runner.runScenario()'><b>runScenario</b><br>Test class: testrunner.Runner<br>Test method: Runs Cucumber Scenarios<br>Parameters: "Check if user able to update a program with  invalid program Name and request body", "program module"</td>
<td></td>
<td>0</td>
<td>testrunner.Runner@446a1e84</td></tr>
</table><p>
</body>
</html>