{"uuid":"48396dc7-004c-408a-b9ab-cc0fe5dc4e72","historyId":"51ab4e8812cbfcd95895d399a7f05723","fullName":"User Module: Check if user able to assign user to program / batch with valid User Id and request body","labels":[{"name":"host","value":"DESKTOP-H8U33OQ"},{"name":"thread","value":"8776@DESKTOP-H8U33OQ.main(1)"},{"name":"feature","value":"User Module"},{"name":"story","value":"Check if user able to assign user to program / batch with valid User Id and request body"},{"name":"suite","value":"User Module"},{"name":"testClass","value":"Check if user able to assign user to program / batch with valid User Id and request body"},{"name":"framework","value":"cucumber4jvm"},{"name":"language","value":"java"},{"name":"gherkin_uri","value":"file:///C:/Users/Shoban/eclipse-workspace/RestAssuredAPITesting/src/test/resources/Features/3_User.feature"},{"name":"package","value":"src.test.resources.Features.3_User_feature.User Module"}],"links":[],"name":"Check if user able to assign user to program / batch with valid User Id and request body","status":"failed","statusDetails":{"known":false,"muted":false,"flaky":false,"message":"expected [200] but found [404]","trace":"java.lang.AssertionError: expected [200] but found [404]\r\n\tat org.testng.Assert.fail(Assert.java:111)\r\n\tat org.testng.Assert.failNotEquals(Assert.java:1578)\r\n\tat org.testng.Assert.assertEqualsImpl(Assert.java:150)\r\n\tat org.testng.Assert.assertEquals(Assert.java:132)\r\n\tat org.testng.Assert.assertEquals(Assert.java:1419)\r\n\tat org.testng.Assert.assertEquals(Assert.java:1383)\r\n\tat org.testng.Assert.assertEquals(Assert.java:1429)\r\n\tat stepdefinition.UserStepDef.user_receives_ok_status_with_user_details_response_body(UserStepDef.java:46)\r\n\tat ✽.User receives 200 OK Status with user details response body.(file:///C:/Users/Shoban/eclipse-workspace/RestAssuredAPITesting/src/test/resources/Features/3_User.feature:64)\r\n"},"stage":"finished","steps":[{"name":"Given  User creates PUT Request for the LMS API user endpoint","status":"passed","statusDetails":{"known":false,"muted":false,"flaky":false},"stage":"finished","steps":[],"attachments":[],"parameters":[],"start":1690452492816,"stop":1690452492817},{"name":"When  User sends HTTPS Request and request Body to Assign User to Program/Batch by UserID","status":"passed","statusDetails":{"known":false,"muted":false,"flaky":false},"stage":"finished","steps":[],"attachments":[],"parameters":[],"start":1690452492817,"stop":1690452493321},{"name":"Then  User receives 200 OK Status with user details response body.","status":"failed","statusDetails":{"known":false,"muted":false,"flaky":false,"message":"expected [200] but found [404]","trace":"java.lang.AssertionError: expected [200] but found [404]\r\n\tat org.testng.Assert.fail(Assert.java:111)\r\n\tat org.testng.Assert.failNotEquals(Assert.java:1578)\r\n\tat org.testng.Assert.assertEqualsImpl(Assert.java:150)\r\n\tat org.testng.Assert.assertEquals(Assert.java:132)\r\n\tat org.testng.Assert.assertEquals(Assert.java:1419)\r\n\tat org.testng.Assert.assertEquals(Assert.java:1383)\r\n\tat org.testng.Assert.assertEquals(Assert.java:1429)\r\n\tat stepdefinition.UserStepDef.user_receives_ok_status_with_user_details_response_body(UserStepDef.java:46)\r\n\tat ✽.User receives 200 OK Status with user details response body.(file:///C:/Users/Shoban/eclipse-workspace/RestAssuredAPITesting/src/test/resources/Features/3_User.feature:64)\r\n"},"stage":"finished","steps":[],"attachments":[],"parameters":[],"start":1690452493321,"stop":1690452493323}],"attachments":[],"parameters":[],"start":1690452492816,"stop":1690452493324}