{"uuid":"5422f0c4-b373-4657-968a-05b4dea07a49","historyId":"33fc7ba31a1410da2f6d5e7057d9f0d3","fullName":"program module: Check if user able to create a program missing mandatory fields in request body","labels":[{"name":"host","value":"DESKTOP-H8U33OQ"},{"name":"thread","value":"8776@DESKTOP-H8U33OQ.main(1)"},{"name":"feature","value":"program module"},{"name":"story","value":"Check if user able to create a program missing mandatory fields in request body"},{"name":"suite","value":"program module"},{"name":"testClass","value":"Check if user able to create a program missing mandatory fields in request body"},{"name":"framework","value":"cucumber4jvm"},{"name":"language","value":"java"},{"name":"gherkin_uri","value":"file:///C:/Users/Shoban/eclipse-workspace/RestAssuredAPITesting/src/test/resources/Features/1_Program.feature"},{"name":"package","value":"src.test.resources.Features.1_Program_feature.program module"}],"links":[],"name":"Check if user able to create a program missing mandatory fields in request body","status":"failed","statusDetails":{"known":false,"muted":false,"flaky":false,"message":"expected [500] but found [400]","trace":"java.lang.AssertionError: expected [500] but found [400]\r\n\tat org.testng.Assert.fail(Assert.java:111)\r\n\tat org.testng.Assert.failNotEquals(Assert.java:1578)\r\n\tat org.testng.Assert.assertEqualsImpl(Assert.java:150)\r\n\tat org.testng.Assert.assertEquals(Assert.java:132)\r\n\tat org.testng.Assert.assertEquals(Assert.java:1419)\r\n\tat org.testng.Assert.assertEquals(Assert.java:1383)\r\n\tat org.testng.Assert.assertEquals(Assert.java:1429)\r\n\tat stepdefinition.ProgramStepDef.user_receives_bad_request_status_with_message_and_boolean_success_details_for_program(ProgramStepDef.java:215)\r\n\tat ✽.User receives 400 Bad Request Status with message and boolean success details for program(file:///C:/Users/Shoban/eclipse-workspace/RestAssuredAPITesting/src/test/resources/Features/1_Program.feature:66)\r\n"},"stage":"finished","steps":[{"name":"Given  User creates POST Request for the LMS API endpoint","status":"passed","statusDetails":{"known":false,"muted":false,"flaky":false},"stage":"finished","steps":[],"attachments":[],"parameters":[],"start":1690452476166,"stop":1690452476167},{"name":"When  User sends HTTPS Request and  request Body with missing program mandatory fields.","status":"passed","statusDetails":{"known":false,"muted":false,"flaky":false},"stage":"finished","steps":[],"attachments":[],"parameters":[],"start":1690452476168,"stop":1690452476610},{"name":"Then  User receives 400 Bad Request Status with message and boolean success details for program","status":"failed","statusDetails":{"known":false,"muted":false,"flaky":false,"message":"expected [500] but found [400]","trace":"java.lang.AssertionError: expected [500] but found [400]\r\n\tat org.testng.Assert.fail(Assert.java:111)\r\n\tat org.testng.Assert.failNotEquals(Assert.java:1578)\r\n\tat org.testng.Assert.assertEqualsImpl(Assert.java:150)\r\n\tat org.testng.Assert.assertEquals(Assert.java:132)\r\n\tat org.testng.Assert.assertEquals(Assert.java:1419)\r\n\tat org.testng.Assert.assertEquals(Assert.java:1383)\r\n\tat org.testng.Assert.assertEquals(Assert.java:1429)\r\n\tat stepdefinition.ProgramStepDef.user_receives_bad_request_status_with_message_and_boolean_success_details_for_program(ProgramStepDef.java:215)\r\n\tat ✽.User receives 400 Bad Request Status with message and boolean success details for program(file:///C:/Users/Shoban/eclipse-workspace/RestAssuredAPITesting/src/test/resources/Features/1_Program.feature:66)\r\n"},"stage":"finished","steps":[],"attachments":[],"parameters":[],"start":1690452476611,"stop":1690452476618}],"attachments":[],"parameters":[],"start":1690452476166,"stop":1690452476619}