{"uuid":"5e285fc5-b403-4e76-aaa9-6076a24825ab","historyId":"87d2655bde843d74d040d72f404880de","fullName":"Submit Module: Check if user able to  grade assignment with valid submission  Id and mandatory request body","labels":[{"name":"host","value":"DESKTOP-H8U33OQ"},{"name":"thread","value":"8776@DESKTOP-H8U33OQ.main(1)"},{"name":"feature","value":"Submit Module"},{"name":"story","value":"Check if user able to  grade assignment with valid submission  Id and mandatory request body"},{"name":"suite","value":"Submit Module"},{"name":"testClass","value":"Check if user able to  grade assignment with valid submission  Id and mandatory request body"},{"name":"framework","value":"cucumber4jvm"},{"name":"language","value":"java"},{"name":"gherkin_uri","value":"file:///C:/Users/Shoban/eclipse-workspace/RestAssuredAPITesting/src/test/resources/Features/5_Submit.feature"},{"name":"package","value":"src.test.resources.Features.5_Submit_feature.Submit Module"}],"links":[],"name":"Check if user able to  grade assignment with valid submission  Id and mandatory request body","status":"failed","statusDetails":{"known":false,"muted":false,"flaky":false,"message":"expected [200] but found [400]","trace":"java.lang.AssertionError: expected [200] but found [400]\r\n\tat org.testng.Assert.fail(Assert.java:111)\r\n\tat org.testng.Assert.failNotEquals(Assert.java:1578)\r\n\tat org.testng.Assert.assertEqualsImpl(Assert.java:150)\r\n\tat org.testng.Assert.assertEquals(Assert.java:132)\r\n\tat org.testng.Assert.assertEquals(Assert.java:1419)\r\n\tat org.testng.Assert.assertEquals(Assert.java:1383)\r\n\tat org.testng.Assert.assertEquals(Assert.java:1429)\r\n\tat stepdefinition.SubmitStepDef.user_receives_ok_status_with_response_body_for_submission(SubmitStepDef.java:124)\r\n\tat ✽.User receives 200 OK Status with response body for submission.(file:///C:/Users/Shoban/eclipse-workspace/RestAssuredAPITesting/src/test/resources/Features/5_Submit.feature:100)\r\n"},"stage":"finished","steps":[{"name":"Given  User creates PUT Request for the LMS API submit endpoint","status":"passed","statusDetails":{"known":false,"muted":false,"flaky":false},"stage":"finished","steps":[],"attachments":[],"parameters":[],"start":1690452508404,"stop":1690452508405},{"name":"When  User sends update HTTPS Request to grade assignment with valid submissionid","status":"passed","statusDetails":{"known":false,"muted":false,"flaky":false},"stage":"finished","steps":[],"attachments":[],"parameters":[],"start":1690452508405,"stop":1690452508818},{"name":"Then  User receives 200 OK Status with response body for submission.","status":"failed","statusDetails":{"known":false,"muted":false,"flaky":false,"message":"expected [200] but found [400]","trace":"java.lang.AssertionError: expected [200] but found [400]\r\n\tat org.testng.Assert.fail(Assert.java:111)\r\n\tat org.testng.Assert.failNotEquals(Assert.java:1578)\r\n\tat org.testng.Assert.assertEqualsImpl(Assert.java:150)\r\n\tat org.testng.Assert.assertEquals(Assert.java:132)\r\n\tat org.testng.Assert.assertEquals(Assert.java:1419)\r\n\tat org.testng.Assert.assertEquals(Assert.java:1383)\r\n\tat org.testng.Assert.assertEquals(Assert.java:1429)\r\n\tat stepdefinition.SubmitStepDef.user_receives_ok_status_with_response_body_for_submission(SubmitStepDef.java:124)\r\n\tat ✽.User receives 200 OK Status with response body for submission.(file:///C:/Users/Shoban/eclipse-workspace/RestAssuredAPITesting/src/test/resources/Features/5_Submit.feature:100)\r\n"},"stage":"finished","steps":[],"attachments":[],"parameters":[],"start":1690452508818,"stop":1690452508819}],"attachments":[],"parameters":[],"start":1690452508404,"stop":1690452508820}