{"uuid":"a2a4d367-20ba-4d95-9651-c51dc768aa6b","historyId":"33fc7ba31a1410da2f6d5e7057d9f0d3","fullName":"program module: Check if user able to create a program missing mandatory fields in request body","labels":[{"name":"host","value":"DESKTOP-H8U33OQ"},{"name":"thread","value":"3692@DESKTOP-H8U33OQ.main(1)"},{"name":"feature","value":"program module"},{"name":"story","value":"Check if user able to create a program missing mandatory fields in request body"},{"name":"suite","value":"program module"},{"name":"testClass","value":"Check if user able to create a program missing mandatory fields in request body"},{"name":"framework","value":"cucumber4jvm"},{"name":"language","value":"java"},{"name":"gherkin_uri","value":"file:///C:/Users/Shoban/eclipse-workspace/RestAssuredAPITesting/src/test/resources/Features/1_Program.feature"},{"name":"package","value":"src.test.resources.Features.1_Program_feature.program module"}],"links":[],"name":"Check if user able to create a program missing mandatory fields in request body","status":"failed","statusDetails":{"known":false,"muted":false,"flaky":false,"message":"expected [500] but found [400]","trace":"java.lang.AssertionError: expected [500] but found [400]\r\n\tat org.testng.Assert.fail(Assert.java:99)\r\n\tat org.testng.Assert.failNotEquals(Assert.java:1037)\r\n\tat org.testng.Assert.assertEqualsImpl(Assert.java:140)\r\n\tat org.testng.Assert.assertEquals(Assert.java:122)\r\n\tat org.testng.Assert.assertEquals(Assert.java:907)\r\n\tat org.testng.Assert.assertEquals(Assert.java:917)\r\n\tat stepdefinition.ProgramStepDef.user_receives_bad_request_status_with_message_and_boolean_success_details_for_program(ProgramStepDef.java:215)\r\n\tat ✽.User receives 400 Bad Request Status with message and boolean success details for program(file:///C:/Users/Shoban/eclipse-workspace/RestAssuredAPITesting/src/test/resources/Features/1_Program.feature:66)\r\n"},"stage":"finished","steps":[{"name":"Given  User creates POST Request for the LMS API endpoint","status":"passed","statusDetails":{"known":false,"muted":false,"flaky":false},"stage":"finished","steps":[],"attachments":[],"parameters":[],"start":1690407166194,"stop":1690407166198},{"name":"When  User sends HTTPS Request and  request Body with missing program mandatory fields.","status":"passed","statusDetails":{"known":false,"muted":false,"flaky":false},"stage":"finished","steps":[],"attachments":[],"parameters":[],"start":1690407166200,"stop":1690407166596},{"name":"Then  User receives 400 Bad Request Status with message and boolean success details for program","status":"failed","statusDetails":{"known":false,"muted":false,"flaky":false,"message":"expected [500] but found [400]","trace":"java.lang.AssertionError: expected [500] but found [400]\r\n\tat org.testng.Assert.fail(Assert.java:99)\r\n\tat org.testng.Assert.failNotEquals(Assert.java:1037)\r\n\tat org.testng.Assert.assertEqualsImpl(Assert.java:140)\r\n\tat org.testng.Assert.assertEquals(Assert.java:122)\r\n\tat org.testng.Assert.assertEquals(Assert.java:907)\r\n\tat org.testng.Assert.assertEquals(Assert.java:917)\r\n\tat stepdefinition.ProgramStepDef.user_receives_bad_request_status_with_message_and_boolean_success_details_for_program(ProgramStepDef.java:215)\r\n\tat ✽.User receives 400 Bad Request Status with message and boolean success details for program(file:///C:/Users/Shoban/eclipse-workspace/RestAssuredAPITesting/src/test/resources/Features/1_Program.feature:66)\r\n"},"stage":"finished","steps":[],"attachments":[],"parameters":[],"start":1690407166597,"stop":1690407166601}],"attachments":[],"parameters":[],"start":1690407166146,"stop":1690407166606}